<?xml version="1.0" encoding="utf-8"?><testsuites name="pytest tests"><testsuite name="pytest" errors="0" failures="0" skipped="0" tests="6" time="1.581" timestamp="2026-07-03T19:42:32.834094+00:00" hostname="agent-env-69239882-edd0-4b60-906c-28d27c99b5db"><testcase classname="tests.test_upcoming_releases_ship" name="test_create_released_forces_completed" time="0.516" /><testcase classname="tests.test_upcoming_releases_ship" name="test_create_unreleased_keeps_statuses" time="0.053" /><testcase classname="tests.test_upcoming_releases_ship" name="test_invalid_type_defaults_to_feature" time="0.055" /><testcase classname="tests.test_upcoming_releases_ship" name="test_put_release_flag_auto_completes" time="0.173" /><testcase classname="tests.test_upcoming_releases_ship" name="test_ordering_unreleased_then_released_newest_first" time="0.312" /><testcase classname="tests.test_upcoming_releases_ship" name="test_zz_cleanup" time="0.443" /></testsuite></testsuites>