<?xml version="1.0" encoding="utf-8"?><testsuites name="pytest tests"><testsuite name="pytest" errors="0" failures="0" skipped="0" tests="12" time="1.502" timestamp="2026-06-18T03:16:57.982834+00:00" hostname="agent-env-41fc5282-97a9-43ed-a922-5abe36a79615"><testcase classname="backend.tests.test_upcoming_features" name="test_create_requires_admin" time="0.336" /><testcase classname="backend.tests.test_upcoming_features" name="test_delete_requires_admin" time="0.051" /><testcase classname="backend.tests.test_upcoming_features" name="test_update_requires_admin" time="0.046" /><testcase classname="backend.tests.test_upcoming_features" name="test_admin_create_release" time="0.201" /><testcase classname="backend.tests.test_upcoming_features" name="test_create_with_descriptions_persists" time="0.101" /><testcase classname="backend.tests.test_upcoming_features" name="test_update_changes_description" time="0.103" /><testcase classname="backend.tests.test_upcoming_features" name="test_status_validation_and_empty_titles" time="0.047" /><testcase classname="backend.tests.test_upcoming_features" name="test_list_sorted_soonest_first" time="0.095" /><testcase classname="backend.tests.test_upcoming_features" name="test_admin_update_release" time="0.096" /><testcase classname="backend.tests.test_upcoming_features" name="test_update_missing_release_404" time="0.050" /><testcase classname="backend.tests.test_upcoming_features" name="test_create_without_date_rejected" time="0.046" /><testcase classname="backend.tests.test_upcoming_features" name="test_zz_admin_delete_releases" time="0.280" /></testsuite></testsuites>