<?xml version="1.0" encoding="utf-8"?><testsuites name="pytest tests"><testsuite name="pytest" errors="0" failures="0" skipped="0" tests="16" time="6.040" timestamp="2026-06-07T19:20:51.682526+00:00" hostname="agent-env-41fc5282-97a9-43ed-a922-5abe36a79615"><testcase classname="tests.test_change_email.TestAuthRegression" name="test_login_success" time="0.216" /><testcase classname="tests.test_change_email.TestAuthRegression" name="test_auth_me" time="0.406" /><testcase classname="tests.test_change_email.TestAuthRegression" name="test_forgot_password_endpoint" time="0.110" /><testcase classname="tests.test_change_email.TestAuthRegression" name="test_reset_password_invalid_code" time="0.142" /><testcase classname="tests.test_change_email.TestChangeEmailRequest" name="test_no_auth_returns_401" time="0.101" /><testcase classname="tests.test_change_email.TestChangeEmailRequest" name="test_wrong_password_returns_401" time="0.186" /><testcase classname="tests.test_change_email.TestChangeEmailRequest" name="test_same_email_returns_400" time="0.169" /><testcase classname="tests.test_change_email.TestChangeEmailRequest" name="test_invalid_email_format_returns_400" time="0.186" /><testcase classname="tests.test_change_email.TestChangeEmailRequest" name="test_email_taken_by_another_account" time="0.383" /><testcase classname="tests.test_change_email.TestChangeEmailRequest" name="test_valid_unused_new_email_returns_ok" time="2.041" /><testcase classname="tests.test_change_email.TestChangeEmailConfirm" name="test_no_auth_returns_401" time="0.112" /><testcase classname="tests.test_change_email.TestChangeEmailConfirm" name="test_wrong_code_returns_400" time="0.171" /><testcase classname="tests.test_change_email.TestPersonalProfile" name="test_get_profile" time="0.115" /><testcase classname="tests.test_change_email.TestPersonalProfile" name="test_put_profile" time="0.232" /><testcase classname="tests.test_change_email.TestFeedback" name="test_feedback_post" time="1.166" /><testcase classname="tests.test_change_email.TestChangeEmailNoPending" name="test_confirm_without_pending" time="0.200" /></testsuite></testsuites>