<?xml version="1.0" encoding="utf-8"?><testsuites name="pytest tests"><testsuite name="pytest" errors="0" failures="0" skipped="0" tests="27" time="5.031" timestamp="2026-06-14T04:16:31.549398+00:00" hostname="agent-env-41fc5282-97a9-43ed-a922-5abe36a79615"><testcase classname="tests.test_refactor_regression.TestAuth" name="test_me_returns_user" time="0.289" /><testcase classname="tests.test_refactor_regression.TestAuth" name="test_login_invalid_returns_401" time="0.207" /><testcase classname="tests.test_refactor_regression.TestTaxonomy" name="test_list_locations" time="0.050" /><testcase classname="tests.test_refactor_regression.TestTaxonomy" name="test_locations_crud" time="0.208" /><testcase classname="tests.test_refactor_regression.TestTaxonomy" name="test_tags_crud" time="0.316" /><testcase classname="tests.test_refactor_regression.TestTaxonomy" name="test_categories_crud" time="0.222" /><testcase classname="tests.test_refactor_regression.TestTaxonomy" name="test_brands_list_and_create" time="0.215" /><testcase classname="tests.test_refactor_regression.TestTaxonomy" name="test_borrowers_crud_and_history" time="0.345" /><testcase classname="tests.test_refactor_regression.TestBrandAutoSave" name="test_create_tool_auto_saves_brand" time="0.391" /><testcase classname="tests.test_refactor_regression.TestDealers" name="test_list_dealers" time="0.049" /><testcase classname="tests.test_refactor_regression.TestDealers" name="test_dealer_crud_and_agents_and_tx_and_schedule" time="1.020" /><testcase classname="tests.test_refactor_regression.TestDealers" name="test_get_unknown_dealer_404" time="0.051" /><testcase classname="tests.test_refactor_regression.TestTools" name="test_list_tools" time="0.058" /><testcase classname="tests.test_refactor_regression.TestTools" name="test_list_filter_by_category" time="0.057" /><testcase classname="tests.test_refactor_regression.TestTools" name="test_get_unknown_tool_404" time="0.051" /><testcase classname="tests.test_refactor_regression.TestStatsAndAggregate" name="test_stats" time="0.055" /><testcase classname="tests.test_refactor_regression.TestStatsAndAggregate" name="test_aggregate" time="0.051" /><testcase classname="tests.test_refactor_regression.TestStatsAndAggregate" name="test_warranty_claims_summary" time="0.057" /><testcase classname="tests.test_refactor_regression.TestStatsAndAggregate" name="test_insurance_claims_list" time="0.052" /><testcase classname="tests.test_refactor_regression.TestStatsAndAggregate" name="test_wishlist" time="0.048" /><testcase classname="tests.test_refactor_regression.TestStatsAndAggregate" name="test_maintenance_upcoming" time="0.055" /><testcase classname="tests.test_refactor_regression.TestReports" name="test_render_pdf[inventory]" time="0.112" /><testcase classname="tests.test_refactor_regression.TestReports" name="test_render_pdf[account]" time="0.066" /><testcase classname="tests.test_refactor_regression.TestReports" name="test_render_pdf[insurance]" time="0.109" /><testcase classname="tests.test_refactor_regression.TestReports" name="test_render_pdf[claims]" time="0.055" /><testcase classname="tests.test_refactor_regression.TestReports" name="test_render_pdf[sales]" time="0.061" /><testcase classname="tests.test_refactor_regression.TestRateLimitWiring" name="test_login_rate_limit_returns_429" time="0.630" /></testsuite></testsuites>