<?xml version="1.0" encoding="utf-8"?><testsuites name="pytest tests"><testsuite name="pytest" errors="0" failures="0" skipped="0" tests="8" time="4.747" timestamp="2026-06-23T23:35:47.008649+00:00" hostname="agent-env-69239882-edd0-4b60-906c-28d27c99b5db"><testcase classname="backend.tests.test_bundles_v3.TestStage1Bundles" name="test_create_bundle_tool" time="0.641" /><testcase classname="backend.tests.test_bundles_v3.TestStage1Bundles" name="test_inside_items_crud_and_search" time="0.899" /><testcase classname="backend.tests.test_bundles_v3.TestStage1Bundles" name="test_is_bundle_filter_returns_only_bundles" time="0.539" /><testcase classname="backend.tests.test_bundles_v3.TestStage1Bundles" name="test_expansion_link_unlink_and_inventory_visibility" time="0.964" /><testcase classname="backend.tests.test_bundles_v3.TestStage1Bundles" name="test_inside_item_not_surfaced_as_inventory_row" time="0.523" /><testcase classname="backend.tests.test_bundles_v3.TestStage1Bundles" name="test_migration_endpoint_idempotent" time="0.203" /><testcase classname="backend.tests.test_bundles_v3.TestStage2Claims" name="test_mark_broken_inside_item_creates_claim_with_mirror_fields" time="0.533" /><testcase classname="backend.tests.test_bundles_v3.TestStage2Claims" name="test_mark_broken_whole_set_no_inside_fields" time="0.402" /></testsuite></testsuites>