<?xml version="1.0" encoding="utf-8"?><testsuites name="pytest tests"><testsuite name="pytest" errors="0" failures="0" skipped="0" tests="8" time="2.459" timestamp="2026-07-11T16:26:59.220839+00:00" hostname="agent-env-69239882-edd0-4b60-906c-28d27c99b5db"><testcase classname="backend.tests.test_iter85_charge_brand.TestBrands" name="test_list_brands" time="0.424" /><testcase classname="backend.tests.test_iter85_charge_brand.TestBrands" name="test_create_brand_upsert" time="0.364" /><testcase classname="backend.tests.test_iter85_charge_brand.TestBrands" name="test_brand_autoupsert_on_tool_save" time="0.455" /><testcase classname="backend.tests.test_iter85_charge_brand.TestDealerChargeTx" name="test_charge_personal_increases_balance" time="0.472" /><testcase classname="backend.tests.test_iter85_charge_brand.TestDealerChargeTx" name="test_charge_credit_increases_balance" time="0.269" /><testcase classname="backend.tests.test_iter85_charge_brand.TestDealerChargeTx" name="test_reject_bad_account" time="0.102" /><testcase classname="backend.tests.test_iter85_charge_brand.TestDealerChargeTx" name="test_reject_bad_type" time="0.116" /><testcase classname="backend.tests.test_iter85_charge_brand.TestDealerChargeTx" name="test_reject_nonpositive_amount" time="0.231" /></testsuite></testsuites>