<?xml version="1.0" encoding="utf-8"?><testsuites name="pytest tests"><testsuite name="pytest" errors="0" failures="0" skipped="0" tests="7" time="4.880" timestamp="2026-06-30T01:38:01.904563+00:00" hostname="agent-env-69239882-edd0-4b60-906c-28d27c99b5db"><testcase classname="backend.tests.test_iter75_absorb_upcoming.TestAbsorbToolIntoBundle" name="test_absorb_flow" time="2.000" /><testcase classname="backend.tests.test_iter75_absorb_upcoming.TestAbsorbToolIntoBundle" name="test_absorb_404_missing_tool" time="0.375" /><testcase classname="backend.tests.test_iter75_absorb_upcoming.TestAbsorbToolIntoBundle" name="test_absorb_rejects_bundle" time="0.601" /><testcase classname="backend.tests.test_iter75_absorb_upcoming.TestUpcomingFeatures" name="test_get_public_upcoming" time="0.103" /><testcase classname="backend.tests.test_iter75_absorb_upcoming.TestUpcomingFeatures" name="test_admin_create_and_update" time="1.436" /><testcase classname="backend.tests.test_iter75_absorb_upcoming.TestUpcomingFeatures" name="test_zz_cleanup" time="0.108" /><testcase classname="backend.tests.test_iter75_absorb_upcoming.TestUpcomingFeatures" name="test_non_admin_blocked" time="0.220" /></testsuite></testsuites>