<?xml version="1.0" encoding="utf-8"?><testsuites name="pytest tests"><testsuite name="pytest" errors="0" failures="0" skipped="0" tests="3" time="1.515" timestamp="2026-06-07T01:44:04.292493+00:00" hostname="agent-env-41fc5282-97a9-43ed-a922-5abe36a79615"><testcase classname="backend.tests.test_borrower_notes.TestBorrowerNotes" name="test_create_returns_notes" time="0.682" /><testcase classname="backend.tests.test_borrower_notes.TestBorrowerNotes" name="test_update_persists_notes" time="0.505" /><testcase classname="backend.tests.test_borrower_notes.TestBorrowerNotes" name="test_history_returns_notes" time="0.262" /></testsuite></testsuites>