<?xml version="1.0" encoding="utf-8"?><testsuites name="pytest tests"><testsuite name="pytest" errors="0" failures="0" skipped="0" tests="8" time="2.014" timestamp="2026-06-05T11:58:30.832493+00:00" hostname="agent-env-41fc5282-97a9-43ed-a922-5abe36a79615"><testcase classname="backend.tests.test_recovery.TestBootstrap" name="test_status_not_fresh" time="0.288" /><testcase classname="backend.tests.test_recovery.TestAuthGate" name="test_verify_requires_auth" time="0.169" /><testcase classname="backend.tests.test_recovery.TestAuthGate" name="test_sandbox_requires_auth" time="0.145" /><testcase classname="backend.tests.test_recovery.TestVerify" name="test_verify_plain" time="0.319" /><testcase classname="backend.tests.test_recovery.TestVerify" name="test_verify_encrypted_with_pass" time="0.155" /><testcase classname="backend.tests.test_recovery.TestVerify" name="test_verify_encrypted_no_pass" time="0.110" /><testcase classname="backend.tests.test_recovery.TestVerify" name="test_verify_encrypted_wrong_pass" time="0.151" /><testcase classname="backend.tests.test_recovery.TestSandboxNoProdImpact" name="test_sandbox_does_not_touch_prod" time="0.589" /></testsuite></testsuites>