<?xml version="1.0" encoding="utf-8"?><testsuites name="pytest tests"><testsuite name="pytest" errors="0" failures="0" skipped="0" tests="5" time="4.455" timestamp="2026-06-07T18:02:18.562497+00:00" hostname="agent-env-41fc5282-97a9-43ed-a922-5abe36a79615"><testcase classname="backend.tests.test_skip_payment" name="test_skip_personal_advances_and_does_not_charge" time="1.189" /><testcase classname="backend.tests.test_skip_payment" name="test_skip_credit_advances_weekly" time="0.938" /><testcase classname="backend.tests.test_skip_payment" name="test_skip_invalid_account_returns_400" time="0.646" /><testcase classname="backend.tests.test_skip_payment" name="test_skip_no_schedule_returns_400" time="0.623" /><testcase classname="backend.tests.test_skip_payment" name="test_confirm_payment_regression" time="0.818" /></testsuite></testsuites>