<?xml version="1.0" encoding="utf-8"?><testsuites name="pytest tests"><testsuite name="pytest" errors="0" failures="0" skipped="0" tests="10" time="1.380" timestamp="2026-06-18T02:44:58.959434+00:00" hostname="agent-env-41fc5282-97a9-43ed-a922-5abe36a79615"><testcase classname="backend.tests.test_upcoming_features" name="test_create_requires_admin" time="0.349" /><testcase classname="backend.tests.test_upcoming_features" name="test_delete_requires_admin" time="0.049" /><testcase classname="backend.tests.test_upcoming_features" name="test_update_requires_admin" time="0.056" /><testcase classname="backend.tests.test_upcoming_features" name="test_admin_create_release" time="0.292" /><testcase classname="backend.tests.test_upcoming_features" name="test_status_validation_and_empty_titles" time="0.047" /><testcase classname="backend.tests.test_upcoming_features" name="test_list_sorted_soonest_first" time="0.095" /><testcase classname="backend.tests.test_upcoming_features" name="test_admin_update_release" time="0.090" /><testcase classname="backend.tests.test_upcoming_features" name="test_update_missing_release_404" time="0.050" /><testcase classname="backend.tests.test_upcoming_features" name="test_create_without_date_rejected" time="0.047" /><testcase classname="backend.tests.test_upcoming_features" name="test_zz_admin_delete_releases" time="0.263" /></testsuite></testsuites>