<?xml version="1.0" encoding="utf-8"?><testsuites name="pytest tests"><testsuite name="pytest" errors="0" failures="0" skipped="0" tests="20" time="12.325" timestamp="2026-06-13T03:33:32.708463+00:00" hostname="agent-env-41fc5282-97a9-43ed-a922-5abe36a79615"><testcase classname="backend.tests.test_insurance_claims.TestSpecAndSummary" name="test_spec" time="0.308" /><testcase classname="backend.tests.test_insurance_claims.TestSpecAndSummary" name="test_summary" time="0.108" /><testcase classname="backend.tests.test_insurance_claims.TestClaimCRUD" name="test_create_get_update_persist" time="0.404" /><testcase classname="backend.tests.test_insurance_claims.TestClaimCRUD" name="test_list_with_filters" time="0.498" /><testcase classname="backend.tests.test_insurance_claims.TestItemsAndFinancials" name="test_attach_items_and_financials" time="0.596" /><testcase classname="backend.tests.test_insurance_claims.TestItemsAndFinancials" name="test_patch_item" time="0.198" /><testcase classname="backend.tests.test_insurance_claims.TestItemsAndFinancials" name="test_coverage_limit_clamp" time="0.895" /><testcase classname="backend.tests.test_insurance_claims.TestItemsAndFinancials" name="test_negative_net_clamped_to_zero" time="0.294" /><testcase classname="backend.tests.test_insurance_claims.TestItemsAndFinancials" name="test_detach_does_not_delete_tool" time="0.406" /><testcase classname="backend.tests.test_insurance_claims.TestItemsAndFinancials" name="test_bulk_remove_does_not_delete_tools" time="0.465" /><testcase classname="backend.tests.test_insurance_claims.TestStatusNotesEvidence" name="test_status_change_logs_timeline" time="0.194" /><testcase classname="backend.tests.test_insurance_claims.TestStatusNotesEvidence" name="test_invalid_status_rejected" time="0.101" /><testcase classname="backend.tests.test_insurance_claims.TestStatusNotesEvidence" name="test_notes_add_and_delete" time="0.403" /><testcase classname="backend.tests.test_insurance_claims.TestStatusNotesEvidence" name="test_evidence_lifecycle" time="0.532" /><testcase classname="backend.tests.test_insurance_claims.TestReports" name="test_render_quick_and_detailed" time="0.541" /><testcase classname="backend.tests.test_insurance_claims.TestReports" name="test_list_and_download" time="0.198" /><testcase classname="backend.tests.test_insurance_claims.TestReports" name="test_email_report_does_not_500" time="2.470" /><testcase classname="backend.tests.test_insurance_claims.TestLifecycle" name="test_duplicate" time="0.193" /><testcase classname="backend.tests.test_insurance_claims.TestLifecycle" name="test_archive_toggle" time="0.418" /><testcase classname="backend.tests.test_insurance_claims.TestLifecycle" name="test_delete_cascades_evidence_and_reports" time="2.989" /></testsuite></testsuites>