<?xml version="1.0" encoding="utf-8"?><testsuites name="pytest tests"><testsuite name="pytest" errors="0" failures="0" skipped="0" tests="11" time="3.424" timestamp="2026-06-07T10:02:23.296560+00:00" hostname="agent-env-41fc5282-97a9-43ed-a922-5abe36a79615"><testcase classname="backend.tests.test_dealer_logos.TestAuthRequired" name="test_get_dealers_requires_auth" time="0.174" /><testcase classname="backend.tests.test_dealer_logos.TestAuthRequired" name="test_post_dealers_requires_auth" time="0.112" /><testcase classname="backend.tests.test_dealer_logos.TestAuthRequired" name="test_put_dealers_requires_auth" time="0.181" /><testcase classname="backend.tests.test_dealer_logos.TestDealerListLogos" name="test_list_has_logo_field" time="0.442" /><testcase classname="backend.tests.test_dealer_logos.TestDealerListLogos" name="test_default_dealers_have_stock_logos" time="0.105" /><testcase classname="backend.tests.test_dealer_logos.TestCreateDealerLogo" name="test_create_with_stock_logo" time="0.344" /><testcase classname="backend.tests.test_dealer_logos.TestCreateDealerLogo" name="test_create_without_logo_defaults_empty" time="0.217" /><testcase classname="backend.tests.test_dealer_logos.TestUpdateDealerLogo" name="test_put_logo_stock" time="0.378" /><testcase classname="backend.tests.test_dealer_logos.TestUpdateDealerLogo" name="test_put_logo_data_uri" time="0.472" /><testcase classname="backend.tests.test_dealer_logos.TestUpdateDealerLogo" name="test_put_logo_default" time="0.432" /><testcase classname="backend.tests.test_dealer_logos.TestUpdateDealerLogo" name="test_put_name_only_preserves_logo" time="0.431" /></testsuite></testsuites>