<?xml version="1.0" encoding="utf-8"?><testsuites name="pytest tests"><testsuite name="pytest" errors="0" failures="0" skipped="0" tests="9" time="3.112" timestamp="2026-06-05T23:08:28.359394+00:00" hostname="agent-env-41fc5282-97a9-43ed-a922-5abe36a79615"><testcase classname="backend.tests.test_dealer_schedules" name="test_put_personal_schedule" time="0.992" /><testcase classname="backend.tests.test_dealer_schedules" name="test_upcoming_includes_personal" time="0.128" /><testcase classname="backend.tests.test_dealer_schedules" name="test_confirm_personal_payment" time="0.281" /><testcase classname="backend.tests.test_dealer_schedules" name="test_credit_schedule_and_confirm" time="0.467" /><testcase classname="backend.tests.test_dealer_schedules" name="test_invalid_frequency" time="0.108" /><testcase classname="backend.tests.test_dealer_schedules" name="test_invalid_account_name" time="0.140" /><testcase classname="backend.tests.test_dealer_schedules" name="test_confirm_with_no_schedule_returns_400" time="0.358" /><testcase classname="backend.tests.test_dealer_schedules" name="test_delete_schedule_clears_it" time="0.249" /><testcase classname="backend.tests.test_dealer_schedules" name="test_upcoming_route_not_shadowed" time="0.217" /></testsuite></testsuites>