<?xml version="1.0" encoding="utf-8"?><testsuites name="pytest tests"><testsuite name="pytest" errors="0" failures="0" skipped="0" tests="3" time="1.537" timestamp="2026-06-28T22:29:46.534137+00:00" hostname="agent-env-69239882-edd0-4b60-906c-28d27c99b5db"><testcase classname="backend.tests.test_ic_iter70.TestSummaryExtraCounts" name="test_summary_returns_denied_and_open_tasks" time="0.292" /><testcase classname="backend.tests.test_ic_iter70.TestProgressClamp" name="test_non_final_status_with_warnings_clamps_to_99" time="0.897" /><testcase classname="backend.tests.test_ic_iter70.TestProgressClamp" name="test_final_status_allows_full_progress" time="0.324" /></testsuite></testsuites>