<?xml version="1.0" encoding="utf-8"?><testsuites name="pytest tests"><testsuite name="pytest" errors="0" failures="0" skipped="1" tests="20" time="4.462" timestamp="2026-06-14T00:38:30.459115+00:00" hostname="agent-env-41fc5282-97a9-43ed-a922-5abe36a79615"><testcase classname="backend.tests.test_media_gridfs.TestFileServingErrors" name="test_invalid_id_returns_400" time="0.138" /><testcase classname="backend.tests.test_media_gridfs.TestFileServingErrors" name="test_invalid_id_thumb_returns_400" time="0.109" /><testcase classname="backend.tests.test_media_gridfs.TestFileServingErrors" name="test_missing_id_returns_404" time="0.115" /><testcase classname="backend.tests.test_media_gridfs.TestFileServingErrors" name="test_missing_thumb_returns_404" time="0.111" /><testcase classname="backend.tests.test_media_gridfs.TestFileServingErrors" name="test_files_endpoint_is_public" time="0.101" /><testcase classname="backend.tests.test_media_gridfs.TestCreateToolOffloadsPhoto" name="test_create_with_photo_offloads_to_gridfs" time="0.479" /><testcase classname="backend.tests.test_media_gridfs.TestCreateToolOffloadsPhoto" name="test_list_tools_returns_thumb_url_for_cover" time="0.260" /><testcase classname="backend.tests.test_media_gridfs.TestToolDetailFullUrl" name="test_get_tool_detail_returns_full_url" time="0.096" /><testcase classname="backend.tests.test_media_gridfs.TestUpdateToolOffload" name="test_update_with_new_photo_offloads" time="0.214" /><testcase classname="backend.tests.test_media_gridfs.TestDeleteToolCleanup" name="test_delete_tool_removes_gridfs_file" time="1.297" /><testcase classname="backend.tests.test_media_gridfs.TestRegressionSmoke" name="test_list_tools_200" time="0.112" /><testcase classname="backend.tests.test_media_gridfs.TestRegressionSmoke" name="test_stats_200" time="0.108" /><testcase classname="backend.tests.test_media_gridfs.TestRegressionSmoke" name="test_dashboard_200" time="0.307" /><testcase classname="backend.tests.test_media_gridfs.TestDemoAccountPhotoCoverage" name="test_inventory_uses_gridfs" time="0.104" /><testcase classname="backend.tests.test_media_gridfs.TestDemoAccountPhotoCoverage" name="test_bundles_list" time="0.100" /><testcase classname="backend.tests.test_media_gridfs.TestDemoAccountPhotoCoverage" name="test_wishlist" time="0.098" /><testcase classname="backend.tests.test_media_gridfs.TestDemoAccountPhotoCoverage" name="test_insurance_claims" time="0.108" /><testcase classname="backend.tests.test_media_gridfs.TestDemoAccountPhotoCoverage" name="test_warranty_claims" time="0.096" /><testcase classname="backend.tests.test_media_gridfs.TestDemoAccountPhotoCoverage" name="test_claims_aggregate" time="0.305"><skipped type="pytest.skip" message="no /api/claims aggregate found">/app/backend/tests/test_media_gridfs.py:406: no /api/claims aggregate found</skipped></testcase><testcase classname="backend.tests.test_media_gridfs.TestDemoAccountPhotoCoverage" name="test_demo_account_has_15_photo_tools" time="0.103" /></testsuite></testsuites>