<?xml version="1.0" encoding="utf-8"?><testsuites name="pytest tests"><testsuite name="pytest" errors="0" failures="0" skipped="0" tests="8" time="0.995" timestamp="2026-06-24T04:10:20.271647+00:00" hostname="agent-env-69239882-edd0-4b60-906c-28d27c99b5db"><testcase classname="tests.test_tool_documents.TestDocumentLifecycle" name="test_add_document" time="0.596" /><testcase classname="tests.test_tool_documents.TestDocumentLifecycle" name="test_rename_document" time="0.045" /><testcase classname="tests.test_tool_documents.TestDocumentLifecycle" name="test_rename_persists_after_refetch" time="0.052" /><testcase classname="tests.test_tool_documents.TestDocumentLifecycle" name="test_rename_empty_name_rejected" time="0.044" /><testcase classname="tests.test_tool_documents.TestDocumentLifecycle" name="test_rename_unknown_doc_404" time="0.044" /><testcase classname="tests.test_tool_documents.TestDocumentLifecycle" name="test_rename_unknown_tool_404" time="0.049" /><testcase classname="tests.test_tool_documents.TestDocumentLifecycle" name="test_delete_document" time="0.046" /><testcase classname="tests.test_tool_documents.TestDocumentLifecycle" name="test_delete_verify_gone_via_refetch" time="0.094" /></testsuite></testsuites>