<?xml version="1.0" encoding="utf-8"?><testsuites name="pytest tests"><testsuite name="pytest" errors="0" failures="0" skipped="0" tests="7" time="44.274" timestamp="2026-06-07T08:48:48.677601+00:00" hostname="agent-env-41fc5282-97a9-43ed-a922-5abe36a79615"><testcase classname="backend.tests.test_full_snapshot_plain.TestFullSnapshotPlain" name="test_returns_200_and_plain_zip_shape" time="43.203" /><testcase classname="backend.tests.test_full_snapshot_plain.TestFullSnapshotPlain" name="test_gdrive_status_field_is_expected" time="0.000" /><testcase classname="backend.tests.test_full_snapshot_plain.TestFullSnapshotPlain" name="test_unauthenticated_returns_401" time="0.215" /><testcase classname="backend.tests.test_full_snapshot_plain.TestFullSnapshotPlain" name="test_non_admin_returns_403" time="0.289" /><testcase classname="backend.tests.test_full_snapshot_plain.TestVerifyPlainZip" name="test_verify_plain_zip_no_passphrase" time="0.123" /><testcase classname="backend.tests.test_full_snapshot_plain.TestRegression" name="test_backup_health_still_200" time="0.189" /><testcase classname="backend.tests.test_full_snapshot_plain.TestRegression" name="test_gdrive_status_still_200" time="0.170" /></testsuite></testsuites>