<?xml version="1.0" encoding="utf-8"?><testsuites name="pytest tests"><testsuite name="pytest" errors="0" failures="0" skipped="0" tests="9" time="4.646" timestamp="2026-06-07T09:34:05.057607+00:00" hostname="agent-env-41fc5282-97a9-43ed-a922-5abe36a79615"><testcase classname="tests.test_iter15_feedback_dealer.TestFeedback" name="test_feedback_success" time="2.268" /><testcase classname="tests.test_iter15_feedback_dealer.TestFeedback" name="test_feedback_missing_name" time="0.142" /><testcase classname="tests.test_iter15_feedback_dealer.TestFeedback" name="test_feedback_invalid_email" time="0.145" /><testcase classname="tests.test_iter15_feedback_dealer.TestFeedback" name="test_feedback_missing_subject" time="0.136" /><testcase classname="tests.test_iter15_feedback_dealer.TestDealerAgentEditDelete" name="test_edit_agent" time="0.859" /><testcase classname="tests.test_iter15_feedback_dealer.TestDealerAgentEditDelete" name="test_delete_agent" time="0.328" /><testcase classname="tests.test_iter15_feedback_dealer.TestWarrantyAlertsShape" name="test_warranty_alerts_returns_expiring_and_expired" time="0.101" /><testcase classname="tests.test_iter15_feedback_dealer.TestPersonalInfo" name="test_get_personal_profile" time="0.107" /><testcase classname="tests.test_iter15_feedback_dealer.TestPersonalInfo" name="test_update_personal_profile" time="0.273" /></testsuite></testsuites>