<?xml version="1.0" encoding="utf-8"?><testsuites name="pytest tests"><testsuite name="pytest" errors="0" failures="1" skipped="0" tests="13" time="4.948" timestamp="2026-06-25T04:04:40.380961+00:00" hostname="agent-env-69239882-edd0-4b60-906c-28d27c99b5db"><testcase classname="backend.tests.test_bundle_refactor_v32.TestLegacyBundleEndpointsGone" name="test_get_bundles_list_gone" time="0.493" /><testcase classname="backend.tests.test_bundle_refactor_v32.TestLegacyBundleEndpointsGone" name="test_post_bundles_create_gone" time="0.138" /><testcase classname="backend.tests.test_bundle_refactor_v32.TestLegacyBundleEndpointsGone" name="test_get_bundle_by_id_gone" time="0.132" /><testcase classname="backend.tests.test_bundle_refactor_v32.TestLegacyBundleEndpointsGone" name="test_put_bundle_by_id_gone" time="0.146" /><testcase classname="backend.tests.test_bundle_refactor_v32.TestLegacyBundleEndpointsGone" name="test_delete_bundle_by_id_gone" time="0.098" /><testcase classname="backend.tests.test_bundle_refactor_v32.TestLegacyBundleEndpointsGone" name="test_post_bundle_items_gone" time="0.163" /><testcase classname="backend.tests.test_bundle_refactor_v32.TestLegacyBundleEndpointsGone" name="test_delete_bundle_items_gone" time="0.147" /><testcase classname="backend.tests.test_bundle_refactor_v32.TestNewSetModelEndpoints" name="test_full_set_lifecycle" time="1.086" /><testcase classname="backend.tests.test_bundle_refactor_v32.TestMigrationEndpoint" name="test_migration_ok_and_idempotent" time="0.206" /><testcase classname="backend.tests.test_bundle_refactor_v32.TestReportsRendering" name="test_report_render_with_list_set_items[inventory]" time="0.825" /><testcase classname="backend.tests.test_bundle_refactor_v32.TestReportsRendering" name="test_report_render_with_list_set_items[insurance]" time="0.365" /><testcase classname="backend.tests.test_bundle_refactor_v32.TestReportsRendering" name="test_report_render_with_list_set_items[year_end]" time="0.435" /><testcase classname="backend.tests.test_bundle_refactor_v32.TestDemoSeedSet" name="test_seed_creates_master_socket_set_with_expansions" time="0.651"><failure message="AssertionError: missing expansion items: {'Socket Set 6pc'}; got: {'Extension Bar Set', '1/2&quot; Drive Ratchet', 'Socket Set 6pc (3/8&quot;)'}&#10;assert not {'Socket Set 6pc'}">backend/tests/test_bundle_refactor_v32.py:263: in test_seed_creates_master_socket_set_with_expansions
    assert not missing, f"missing expansion items: {missing}; got: {found_names}"
E   AssertionError: missing expansion items: {'Socket Set 6pc'}; got: {'Extension Bar Set', '1/2" Drive Ratchet', 'Socket Set 6pc (3/8")'}
E   assert not {'Socket Set 6pc'}</failure></testcase></testsuite></testsuites>