<?xml version="1.0" encoding="utf-8"?><testsuites name="pytest tests"><testsuite name="pytest" errors="0" failures="0" skipped="0" tests="6" time="1.503" timestamp="2026-07-12T15:26:16.843920+00:00" hostname="agent-env-69239882-edd0-4b60-906c-28d27c99b5db"><testcase classname="backend.tests.test_iter87_brands_dealer.TestDealerAutoBrand" name="test_create_dealer_auto_adds_brand" time="0.546" /><testcase classname="backend.tests.test_iter87_brands_dealer.TestDealerAutoBrand" name="test_create_dealer_idempotent_when_brand_exists" time="0.241" /><testcase classname="backend.tests.test_iter87_brands_dealer.TestBrandsRename" name="test_put_brand_rename_success" time="0.195" /><testcase classname="backend.tests.test_iter87_brands_dealer.TestBrandsRename" name="test_put_brand_rejects_duplicate_name" time="0.293" /><testcase classname="backend.tests.test_iter87_brands_dealer.TestBrandsRename" name="test_put_brand_404_for_missing" time="0.048" /><testcase classname="backend.tests.test_iter87_brands_dealer.TestBrandsRename" name="test_put_brand_empty_name_400" time="0.154" /></testsuite></testsuites>