<?xml version="1.0" encoding="utf-8"?><testsuites name="pytest tests"><testsuite name="pytest" errors="0" failures="0" skipped="0" tests="14" time="3.184" timestamp="2026-06-13T16:38:25.860833+00:00" hostname="agent-env-41fc5282-97a9-43ed-a922-5abe36a79615"><testcase classname="backend.tests.test_bundles" name="test_root_health" time="0.294" /><testcase classname="backend.tests.test_bundles" name="test_create_bundle" time="0.043" /><testcase classname="backend.tests.test_bundles" name="test_list_bundles_has_item_count" time="0.097" /><testcase classname="backend.tests.test_bundles" name="test_get_bundle_returns_items_array" time="0.089" /><testcase classname="backend.tests.test_bundles" name="test_get_bundle_404_on_missing" time="0.045" /><testcase classname="backend.tests.test_bundles" name="test_update_bundle" time="0.142" /><testcase classname="backend.tests.test_bundles" name="test_attach_tool_to_bundle" time="0.267" /><testcase classname="backend.tests.test_bundles" name="test_detach_tool_from_bundle" time="0.304" /><testcase classname="backend.tests.test_bundles" name="test_attach_to_missing_bundle_404" time="0.093" /><testcase classname="backend.tests.test_bundles" name="test_attach_missing_tool_404" time="0.092" /><testcase classname="backend.tests.test_bundles" name="test_create_tool_with_bundle_id_persists" time="0.130" /><testcase classname="backend.tests.test_bundles" name="test_update_tool_bundle_id_persists" time="0.213" /><testcase classname="backend.tests.test_bundles" name="test_delete_bundle_cascades_items" time="0.352" /><testcase classname="backend.tests.test_bundles" name="test_delete_missing_bundle_404" time="0.810" /></testsuite></testsuites>