<?xml version="1.0" encoding="utf-8"?><testsuites name="pytest tests"><testsuite name="pytest" errors="0" failures="0" skipped="0" tests="2" time="0.949" timestamp="2026-06-26T00:36:46.016897+00:00" hostname="agent-env-69239882-edd0-4b60-906c-28d27c99b5db"><testcase classname="tests.test_partial_sale_history_iter63" name="test_partial_sale_creates_sold_split_record" time="0.699" /><testcase classname="tests.test_partial_sale_history_iter63" name="test_full_sale_still_marks_in_place" time="0.214" /></testsuite></testsuites>