<?xml version="1.0" encoding="utf-8"?><testsuites name="pytest tests"><testsuite name="pytest" errors="0" failures="0" skipped="0" tests="21" time="6.779" timestamp="2026-06-05T12:52:50.162267+00:00" hostname="agent-env-41fc5282-97a9-43ed-a922-5abe36a79615"><testcase classname="backend.tests.test_payment_accounts.TestAuth" name="test_create_requires_bearer" time="0.552" /><testcase classname="backend.tests.test_payment_accounts.TestAuth" name="test_list_requires_bearer" time="0.109" /><testcase classname="backend.tests.test_payment_accounts.TestAuth" name="test_upcoming_requires_bearer" time="0.147" /><testcase classname="backend.tests.test_payment_accounts.TestAuth" name="test_update_requires_bearer" time="0.120" /><testcase classname="backend.tests.test_payment_accounts.TestAuth" name="test_delete_requires_bearer" time="0.105" /><testcase classname="backend.tests.test_payment_accounts.TestAuth" name="test_confirm_requires_bearer" time="0.151" /><testcase classname="backend.tests.test_payment_accounts.TestCreate" name="test_create_account_returns_id_and_dealer_name" time="0.175" /><testcase classname="backend.tests.test_payment_accounts.TestCreate" name="test_invalid_frequency_400" time="0.152" /><testcase classname="backend.tests.test_payment_accounts.TestCreate" name="test_empty_label_400" time="0.125" /><testcase classname="backend.tests.test_payment_accounts.TestCreate" name="test_bogus_dealer_404" time="0.155" /><testcase classname="backend.tests.test_payment_accounts.TestList" name="test_list_sorted_by_due_date" time="0.381" /><testcase classname="backend.tests.test_payment_accounts.TestConfirm" name="test_confirm_monthly_advances_by_one_month" time="0.220" /><testcase classname="backend.tests.test_payment_accounts.TestConfirm" name="test_confirm_weekly_advances_by_7d" time="0.219" /><testcase classname="backend.tests.test_payment_accounts.TestAutopay" name="test_autopay_catch_up_advances_past_due" time="0.244" /><testcase classname="backend.tests.test_payment_accounts.TestUpcoming" name="test_upcoming_within_7d_present_far_future_absent" time="0.357" /><testcase classname="backend.tests.test_payment_accounts.TestUpdateDelete" name="test_update_then_persisted" time="0.225" /><testcase classname="backend.tests.test_payment_accounts.TestUpdateDelete" name="test_update_invalid_frequency_400" time="0.212" /><testcase classname="backend.tests.test_payment_accounts.TestUpdateDelete" name="test_delete_404_on_bogus" time="0.112" /><testcase classname="backend.tests.test_payment_accounts.TestOwnerScoping" name="test_second_user_cannot_see_admin_accounts" time="0.874" /><testcase classname="backend.tests.test_payment_accounts.TestOwnerScoping" name="test_second_user_upcoming_isolated" time="0.256" /><testcase classname="backend.tests.test_payment_accounts.TestBackupCollections" name="test_dealer_payment_accounts_in_backup_collections" time="1.617" /></testsuite></testsuites>