<?xml version="1.0" encoding="utf-8"?><testsuites name="pytest tests"><testsuite name="pytest" errors="0" failures="0" skipped="0" tests="10" time="6.504" timestamp="2026-06-07T08:42:06.865910+00:00" hostname="agent-env-41fc5282-97a9-43ed-a922-5abe36a79615"><testcase classname="backend.tests.test_backup_health.TestBackupHealthGet" name="test_returns_200_and_correct_shape" time="0.657" /><testcase classname="backend.tests.test_backup_health.TestBackupHealthGet" name="test_drive_currently_unhealthy" time="0.179" /><testcase classname="backend.tests.test_backup_health.TestBackupHealthGet" name="test_unauthenticated_returns_401" time="0.135" /><testcase classname="backend.tests.test_backup_health.TestBackupHealthGet" name="test_non_admin_returns_403" time="0.410" /><testcase classname="backend.tests.test_backup_health.TestBackupHealthRunNow" name="test_test_mode_sends_sample_email" time="2.908" /><testcase classname="backend.tests.test_backup_health.TestBackupHealthRunNow" name="test_real_mode_returns_health_struct" time="1.473" /><testcase classname="backend.tests.test_backup_health.TestBackupHealthRunNow" name="test_unauthenticated_returns_401" time="0.126" /><testcase classname="backend.tests.test_backup_health.TestBackupHealthRunNow" name="test_non_admin_returns_403" time="0.119" /><testcase classname="backend.tests.test_backup_health.TestGDriveRegression" name="test_status_endpoint_still_200" time="0.215" /><testcase classname="backend.tests.test_backup_health.TestGDriveRegression" name="test_oauth_callback_route_is_live" time="0.131" /></testsuite></testsuites>