<?xml version="1.0" encoding="utf-8"?><testsuites name="pytest tests"><testsuite name="pytest" errors="0" failures="0" skipped="0" tests="6" time="1.992" timestamp="2026-06-28T19:33:51.935296+00:00" hostname="agent-env-69239882-edd0-4b60-906c-28d27c99b5db"><testcase classname="backend.tests.test_ic_iter69.TestDefaultTasksAutoComplete" name="test_claim_has_all_default_tasks_in_order" time="0.590" /><testcase classname="backend.tests.test_ic_iter69.TestDefaultTasksAutoComplete" name="test_default_tasks_auto_completed_from_data" time="0.107" /><testcase classname="backend.tests.test_ic_iter69.TestDefaultTasksAutoComplete" name="test_default_task_done_state_not_user_togglable" time="0.320" /><testcase classname="backend.tests.test_ic_iter69.TestUserTaskLifecycle" name="test_add_patch_delete_user_task" time="0.516" /><testcase classname="backend.tests.test_ic_iter69.TestReportRender" name="test_render_quick_pdf_returns_pdf" time="0.152" /><testcase classname="backend.tests.test_ic_iter69.TestReportRender" name="test_render_detailed_pdf_returns_pdf" time="0.270" /></testsuite></testsuites>