<?xml version="1.0" encoding="utf-8"?><testsuites name="pytest tests"><testsuite name="pytest" errors="0" failures="0" skipped="0" tests="7" time="1.168" timestamp="2026-07-03T18:34:57.907476+00:00" hostname="agent-env-69239882-edd0-4b60-906c-28d27c99b5db"><testcase classname="backend.tests.test_wishlist_dealer_filter.TestWishlistDealerFilter" name="test_create_with_dealer_autofills_dealer_name" time="0.615" /><testcase classname="backend.tests.test_wishlist_dealer_filter.TestWishlistDealerFilter" name="test_create_second_item_for_dealer_b" time="0.049" /><testcase classname="backend.tests.test_wishlist_dealer_filter.TestWishlistDealerFilter" name="test_list_filtered_by_dealer_a_returns_only_a" time="0.048" /><testcase classname="backend.tests.test_wishlist_dealer_filter.TestWishlistDealerFilter" name="test_list_filtered_by_dealer_b_returns_only_b" time="0.047" /><testcase classname="backend.tests.test_wishlist_dealer_filter.TestWishlistDealerFilter" name="test_unfiltered_list_contains_both_items" time="0.044" /><testcase classname="backend.tests.test_wishlist_dealer_filter.TestWishlistDealerFilter" name="test_filter_by_bogus_dealer_returns_empty" time="0.054" /><testcase classname="backend.tests.test_wishlist_dealer_filter.TestWishlistDealerFilter" name="test_get_created_item_persists" time="0.275" /></testsuite></testsuites>