<?xml version="1.0" encoding="utf-8"?><testsuites name="pytest tests"><testsuite name="pytest" errors="0" failures="0" skipped="0" tests="17" time="13.096" timestamp="2026-04-25T16:07:40.560110+00:00" hostname="agent-env-6d681f5a-5186-4e39-a29f-15dff86323d2"><testcase classname="backend.tests.test_iteration2.TestCategories" name="test_create_get_delete_and_idempotent" time="0.378" /><testcase classname="backend.tests.test_iteration2.TestTagsIdempotent" name="test_tag_idempotent" time="0.138" /><testcase classname="backend.tests.test_iteration2.TestDealers" name="test_list_get" time="0.150" /><testcase classname="backend.tests.test_iteration2.TestDealers" name="test_update" time="0.047" /><testcase classname="backend.tests.test_iteration2.TestDealers" name="test_agents_full_flow" time="0.294" /><testcase classname="backend.tests.test_iteration2.TestToolNewFields" name="test_create_tool_with_all_new_fields" time="0.347" /><testcase classname="backend.tests.test_iteration2.TestToolNewFields" name="test_create_consumable_tool" time="0.054" /><testcase classname="backend.tests.test_iteration2.TestToolNewFields" name="test_create_expired_warranty_tool" time="0.047" /><testcase classname="backend.tests.test_iteration2.TestToolNewFields" name="test_update_round_trip" time="0.113" /><testcase classname="backend.tests.test_iteration2.TestToolNewFields" name="test_filter_category_dealer_consumable" time="0.138" /><testcase classname="backend.tests.test_iteration2.TestToolNewFields" name="test_aggregate_no_filter" time="0.056" /><testcase classname="backend.tests.test_iteration2.TestToolNewFields" name="test_aggregate_with_filters" time="0.149" /><testcase classname="backend.tests.test_iteration2.TestToolNewFields" name="test_stats_new_fields" time="0.050" /><testcase classname="backend.tests.test_iteration2.TestToolNewFields" name="test_warranty_alerts" time="0.045" /><testcase classname="backend.tests.test_iteration2.TestToolNewFields" name="test_cleanup_tools" time="0.355" /><testcase classname="backend.tests.test_iteration2.TestToolboxLayouts" name="test_crud" time="0.352" /><testcase classname="backend.tests.test_iteration2.TestToolboxAnalyze" name="test_analyze_response_shape" time="10.093" /></testsuite></testsuites>