<?xml version="1.0" encoding="utf-8"?><testsuites name="pytest tests"><testsuite name="pytest" errors="0" failures="0" skipped="0" tests="11" time="2.258" timestamp="2026-06-13T23:09:03.300115+00:00" hostname="agent-env-41fc5282-97a9-43ed-a922-5abe36a79615"><testcase classname="backend.tests.test_demo_prefill.TestDemoKeepTaxonomy" name="test_01_stats_after_register" time="0.527" /><testcase classname="backend.tests.test_demo_prefill.TestDemoKeepTaxonomy" name="test_02_demo_status_fresh" time="0.054" /><testcase classname="backend.tests.test_demo_prefill.TestDemoKeepTaxonomy" name="test_03_intro_seen" time="0.090" /><testcase classname="backend.tests.test_demo_prefill.TestDemoKeepTaxonomy" name="test_04_clear_keep_taxonomy" time="0.051" /><testcase classname="backend.tests.test_demo_prefill.TestDemoKeepTaxonomy" name="test_05_stats_after_keep_taxonomy_clear" time="0.046" /><testcase classname="backend.tests.test_demo_prefill.TestDemoKeepTaxonomy" name="test_06_status_after_clear" time="0.044" /><testcase classname="backend.tests.test_demo_prefill.TestDemoEverythingMode" name="test_01_seed_present" time="0.696" /><testcase classname="backend.tests.test_demo_prefill.TestDemoEverythingMode" name="test_02_clear_everything" time="0.052" /><testcase classname="backend.tests.test_demo_prefill.TestDemoEverythingMode" name="test_03_stats_all_zero" time="0.046" /><testcase classname="backend.tests.test_demo_prefill.TestDemoEverythingMode" name="test_04_status_after_clear" time="0.045" /><testcase classname="backend.tests.test_demo_prefill.TestNoReSeed" name="test_register_existing_email_fails" time="0.432" /></testsuite></testsuites>