<?xml version="1.0" encoding="utf-8"?><testsuites name="pytest tests"><testsuite name="pytest" errors="0" failures="1" skipped="0" tests="28" time="5.759" timestamp="2026-04-25T16:07:58.433599+00:00" hostname="agent-env-6d681f5a-5186-4e39-a29f-15dff86323d2"><testcase classname="backend.tests.test_iteration2.TestCategories" name="test_create_get_delete_and_idempotent" time="0.324" /><testcase classname="backend.tests.test_iteration2.TestTagsIdempotent" name="test_tag_idempotent" time="0.165" /><testcase classname="backend.tests.test_iteration2.TestDealers" name="test_list_get" time="0.169" /><testcase classname="backend.tests.test_iteration2.TestDealers" name="test_update" time="0.057" /><testcase classname="backend.tests.test_iteration2.TestDealers" name="test_agents_full_flow" time="0.336" /><testcase classname="backend.tests.test_iteration2.TestToolNewFields" name="test_create_tool_with_all_new_fields" time="0.369" /><testcase classname="backend.tests.test_iteration2.TestToolNewFields" name="test_create_consumable_tool" time="0.053" /><testcase classname="backend.tests.test_iteration2.TestToolNewFields" name="test_create_expired_warranty_tool" time="0.054" /><testcase classname="backend.tests.test_iteration2.TestToolNewFields" name="test_update_round_trip" time="0.111" /><testcase classname="backend.tests.test_iteration2.TestToolNewFields" name="test_filter_category_dealer_consumable" time="0.158" /><testcase classname="backend.tests.test_iteration2.TestToolNewFields" name="test_aggregate_no_filter" time="0.065" /><testcase classname="backend.tests.test_iteration2.TestToolNewFields" name="test_aggregate_with_filters" time="0.163" /><testcase classname="backend.tests.test_iteration2.TestToolNewFields" name="test_stats_new_fields" time="0.069" /><testcase classname="backend.tests.test_iteration2.TestToolNewFields" name="test_warranty_alerts" time="0.053" /><testcase classname="backend.tests.test_iteration2.TestToolNewFields" name="test_cleanup_tools" time="0.411" /><testcase classname="backend.tests.test_iteration2.TestToolboxLayouts" name="test_crud" time="0.362" /><testcase classname="backend.tests.test_iteration2.TestToolboxAnalyze" name="test_analyze_response_shape" time="0.580"><failure message="AssertionError: AI analyze failed: 500 {&quot;detail&quot;:&quot;AI request failed: Failed to generate chat completion: litellm.BadRequestError: OpenAIException - Budget has been exceeded! Current cost: 0.00434875, Max budget: 0.001&quot;}&#10;assert 500 == 200&#10; +  where 500 = &lt;Response [500]&gt;.status_code">backend/tests/test_iteration2.py:391: in test_analyze_response_shape
    assert r.status_code == 200, f"AI analyze failed: {r.status_code} {r.text[:300]}"
E   AssertionError: AI analyze failed: 500 {"detail":"AI request failed: Failed to generate chat completion: litellm.BadRequestError: OpenAIException - Budget has been exceeded! Current cost: 0.00434875, Max budget: 0.001"}
E   assert 500 == 200
E    +  where 500 = &lt;Response [500]&gt;.status_code</failure></testcase><testcase classname="backend.tests.test_tooltracker" name="test_root_health" time="0.117" /><testcase classname="backend.tests.test_tooltracker" name="test_location_crud" time="0.139" /><testcase classname="backend.tests.test_tooltracker" name="test_tag_crud" time="0.154" /><testcase classname="backend.tests.test_tooltracker" name="test_borrower_crud" time="0.148" /><testcase classname="backend.tests.test_tooltracker" name="test_tool_create_and_persist" time="0.249" /><testcase classname="backend.tests.test_tooltracker" name="test_tool_list_and_filters" time="0.815" /><testcase classname="backend.tests.test_tooltracker" name="test_tool_update" time="0.047" /><testcase classname="backend.tests.test_tooltracker" name="test_checkout_flow" time="0.108" /><testcase classname="backend.tests.test_tooltracker" name="test_checkin_flow" time="0.089" /><testcase classname="backend.tests.test_tooltracker" name="test_stats" time="0.054" /><testcase classname="backend.tests.test_tooltracker" name="test_tool_delete" time="0.237" /></testsuite></testsuites>