<?xml version="1.0" encoding="utf-8"?><testsuites name="pytest tests"><testsuite name="pytest" errors="0" failures="0" skipped="0" tests="11" time="2.052" timestamp="2026-04-25T14:50:15.160087+00:00" hostname="agent-env-6d681f5a-5186-4e39-a29f-15dff86323d2"><testcase classname="backend.tests.test_tooltracker" name="test_root_health" time="0.285" /><testcase classname="backend.tests.test_tooltracker" name="test_location_crud" time="0.185" /><testcase classname="backend.tests.test_tooltracker" name="test_tag_crud" time="0.160" /><testcase classname="backend.tests.test_tooltracker" name="test_borrower_crud" time="0.143" /><testcase classname="backend.tests.test_tooltracker" name="test_tool_create_and_persist" time="0.279" /><testcase classname="backend.tests.test_tooltracker" name="test_tool_list_and_filters" time="0.198" /><testcase classname="backend.tests.test_tooltracker" name="test_tool_update" time="0.049" /><testcase classname="backend.tests.test_tooltracker" name="test_checkout_flow" time="0.097" /><testcase classname="backend.tests.test_tooltracker" name="test_checkin_flow" time="0.097" /><testcase classname="backend.tests.test_tooltracker" name="test_stats" time="0.047" /><testcase classname="backend.tests.test_tooltracker" name="test_tool_delete" time="0.235" /></testsuite></testsuites>